c:\users\mehmet hamza erol\source\repos\myproject\myproject\x64\debug\myproject.pch
c:\users\mehmet hamza erol\source\repos\myproject\myproject\x64\debug\vc141.pdb
c:\users\mehmet hamza erol\source\repos\myproject\myproject\x64\debug\vc141.ıdb
c:\users\mehmet hamza erol\source\repos\myproject\myproject\x64\debug\stdafx.obj
c:\users\mehmet hamza erol\source\repos\myproject\myproject\x64\debug\fındeyecenter.obj
c:\users\mehmet hamza erol\source\repos\myproject\myproject\x64\debug\fındeyecorner.obj
c:\users\mehmet hamza erol\source\repos\myproject\myproject\x64\debug\helpers.obj
c:\users\mehmet hamza erol\source\repos\myproject\myproject\x64\debug\maın.obj
c:\users\mehmet hamza erol\source\repos\myproject\myproject\x64\debug\myproject.obj
c:\users\mehmet hamza erol\source\repos\myproject\x64\debug\myproject.exe
c:\users\mehmet hamza erol\source\repos\myproject\x64\debug\myproject.ılk
c:\users\mehmet hamza erol\source\repos\myproject\x64\debug\myproject.pdb
c:\users\mehmet hamza erol\source\repos\myproject\myproject\x64\debug\findeyecenter.obj
c:\users\mehmet hamza erol\source\repos\myproject\myproject\x64\debug\findeyecorner.obj
c:\users\mehmet hamza erol\source\repos\myproject\myproject\x64\debug\main.obj
c:\users\mehmet hamza erol\source\repos\myproject\myproject\x64\debug\vc141.idb
c:\users\mehmet hamza erol\source\repos\myproject\x64\debug\myproject.ilk
c:\users\mehmet hamza erol\source\repos\myproject\myproject\x64\debug\myproject.tlog\cl.command.1.tlog
c:\users\mehmet hamza erol\source\repos\myproject\myproject\x64\debug\myproject.tlog\cl.read.1.tlog
c:\users\mehmet hamza erol\source\repos\myproject\myproject\x64\debug\myproject.tlog\cl.write.1.tlog
c:\users\mehmet hamza erol\source\repos\myproject\myproject\x64\debug\myproject.tlog\link.command.1.tlog
c:\users\mehmet hamza erol\source\repos\myproject\myproject\x64\debug\myproject.tlog\link.read.1.tlog
c:\users\mehmet hamza erol\source\repos\myproject\myproject\x64\debug\myproject.tlog\link.write.1.tlog
